==43351== Memcheck, a memory error detector
==43351== Copyright (C) 2002-2017, and GNU GPL'd, by Julian Seward et al.
==43351== Using Valgrind-3.18.1 and LibVEX; rerun with -h for copyright info
==43351== Command: ./my_program
==43351== Parent PID: 3696
==43351== 
==43351== 
==43351== Process terminating with default action of signal 2 (SIGINT)
==43351==    at 0x497F992: read (read.c:26)
==43351==    by 0x48F7CB5: _IO_file_underflow@@GLIBC_2.2.5 (fileops.c:516)
==43351==    by 0x48F8E15: _IO_default_uflow (genops.c:362)
==43351==    by 0x48CE14F: __vfscanf_internal (vfscanf-internal.c:628)
==43351==    by 0x48CD1C1: __isoc99_scanf (isoc99_scanf.c:30)
==43351==    by 0x109B9B: deleteStudent (in /home/yoav/checkpoint-yoavuzan/CheckpointProject/my_program)
==43351==    by 0x10A04E: menu (in /home/yoav/checkpoint-yoavuzan/CheckpointProject/my_program)
==43351==    by 0x10958C: main (in /home/yoav/checkpoint-yoavuzan/CheckpointProject/my_program)
==43351==    by 0x4894D8F: __libc_start_call_main (libc_start_call_main.h:58)
==43351==    by 0x4894E3F: __libc_start_main@@GLIBC_2.34 (libc-start.c:392)
==43351==    by 0x109244: _start (in /home/yoav/checkpoint-yoavuzan/CheckpointProject/my_program)
==43351==    by 0x1FFF000057: ???
==43351==    by 0x1B: ???
==43351== 
==43351== HEAP SUMMARY:
==43351==     in use at exit: 16,806,616 bytes in 100,004 blocks
==43351==   total heap usage: 100,004 allocs, 0 frees, 16,806,616 bytes allocated
==43351== 
==43351== 472 bytes in 1 blocks are still reachable in loss record 1 of 6
==43351==    at 0x4848899: malloc (in /usr/libexec/valgrind/vgpreload_memcheck-amd64-linux.so)
==43351==    by 0x48EA6CD: __fopen_internal (iofopen.c:65)
==43351==    by 0x48EA6CD: fopen@@GLIBC_2.2.5 (iofopen.c:86)
==43351==    by 0x1093C9: main (in /home/yoav/checkpoint-yoavuzan/CheckpointProject/my_program)
==43351==    by 0x4894D8F: __libc_start_call_main (libc_start_call_main.h:58)
==43351==    by 0x4894E3F: __libc_start_main@@GLIBC_2.34 (libc-start.c:392)
==43351==    by 0x109244: _start (in /home/yoav/checkpoint-yoavuzan/CheckpointProject/my_program)
==43351==    by 0x1FFF000057: ???
==43351==    by 0x1B: ???
==43351== 
==43351== 1,024 bytes in 1 blocks are still reachable in loss record 2 of 6
==43351==    at 0x4848899: malloc (in /usr/libexec/valgrind/vgpreload_memcheck-amd64-linux.so)
==43351==    by 0x48E9C23: _IO_file_doallocate (filedoalloc.c:101)
==43351==    by 0x48F8D5F: _IO_doallocbuf (genops.c:347)
==43351==    by 0x48F7FDF: _IO_file_overflow@@GLIBC_2.2.5 (fileops.c:744)
==43351==    by 0x48F6754: _IO_new_file_xsputn (fileops.c:1243)
==43351==    by 0x48F6754: _IO_file_xsputn@@GLIBC_2.2.5 (fileops.c:1196)
==43351==    by 0x48E01CC: outstring_func (vfprintf-internal.c:239)
==43351==    by 0x48E01CC: __vfprintf_internal (vfprintf-internal.c:1263)
==43351==    by 0x48CB81E: printf (printf.c:33)
==43351==    by 0x10A10F: printSchool (in /home/yoav/checkpoint-yoavuzan/CheckpointProject/my_program)
==43351==    by 0x109582: main (in /home/yoav/checkpoint-yoavuzan/CheckpointProject/my_program)
==43351==    by 0x4894D8F: __libc_start_call_main (libc_start_call_main.h:58)
==43351==    by 0x4894E3F: __libc_start_main@@GLIBC_2.34 (libc-start.c:392)
==43351==    by 0x109244: _start (in /home/yoav/checkpoint-yoavuzan/CheckpointProject/my_program)
==43351==    by 0x1FFF000057: ???
==43351==    by 0x1B: ???
==43351== 
==43351== 1,024 bytes in 1 blocks are still reachable in loss record 3 of 6
==43351==    at 0x4848899: malloc (in /usr/libexec/valgrind/vgpreload_memcheck-amd64-linux.so)
==43351==    by 0x48E9C23: _IO_file_doallocate (filedoalloc.c:101)
==43351==    by 0x48F8D5F: _IO_doallocbuf (genops.c:347)
==43351==    by 0x48F7D5B: _IO_file_underflow@@GLIBC_2.2.5 (fileops.c:485)
==43351==    by 0x48F8E15: _IO_default_uflow (genops.c:362)
==43351==    by 0x109FCD: menu (in /home/yoav/checkpoint-yoavuzan/CheckpointProject/my_program)
==43351==    by 0x10958C: main (in /home/yoav/checkpoint-yoavuzan/CheckpointProject/my_program)
==43351==    by 0x4894D8F: __libc_start_call_main (libc_start_call_main.h:58)
==43351==    by 0x4894E3F: __libc_start_main@@GLIBC_2.34 (libc-start.c:392)
==43351==    by 0x109244: _start (in /home/yoav/checkpoint-yoavuzan/CheckpointProject/my_program)
==43351==    by 0x1FFF000057: ???
==43351==    by 0x1B: ???
==43351== 
==43351== 4,096 bytes in 1 blocks are still reachable in loss record 4 of 6
==43351==    at 0x4848899: malloc (in /usr/libexec/valgrind/vgpreload_memcheck-amd64-linux.so)
==43351==    by 0x48E9C23: _IO_file_doallocate (filedoalloc.c:101)
==43351==    by 0x48F8D5F: _IO_doallocbuf (genops.c:347)
==43351==    by 0x48F7D5B: _IO_file_underflow@@GLIBC_2.2.5 (fileops.c:485)
==43351==    by 0x48F8E15: _IO_default_uflow (genops.c:362)
==43351==    by 0x48EB49B: _IO_getline_info (iogetline.c:60)
==43351==    by 0x48EA48F: fgets (iofgets.c:53)
==43351==    by 0x10956F: main (in /home/yoav/checkpoint-yoavuzan/CheckpointProject/my_program)
==43351==    by 0x4894D8F: __libc_start_call_main (libc_start_call_main.h:58)
==43351==    by 0x4894E3F: __libc_start_main@@GLIBC_2.34 (libc-start.c:392)
==43351==    by 0x109244: _start (in /home/yoav/checkpoint-yoavuzan/CheckpointProject/my_program)
==43351==    by 0x1FFF000057: ???
==43351==    by 0x1B: ???
==43351== 
==43351== 20,160 bytes in 120 blocks are still reachable in loss record 5 of 6
==43351==    at 0x4848899: malloc (in /usr/libexec/valgrind/vgpreload_memcheck-amd64-linux.so)
==43351==    by 0x10A262: addStudent (in /home/yoav/checkpoint-yoavuzan/CheckpointProject/my_program)
==43351==    by 0x109554: main (in /home/yoav/checkpoint-yoavuzan/CheckpointProject/my_program)
==43351==    by 0x4894D8F: __libc_start_call_main (libc_start_call_main.h:58)
==43351==    by 0x4894E3F: __libc_start_main@@GLIBC_2.34 (libc-start.c:392)
==43351==    by 0x109244: _start (in /home/yoav/checkpoint-yoavuzan/CheckpointProject/my_program)
==43351==    by 0x1FFF000057: ???
==43351==    by 0x1B: ???
==43351== 
==43351== 16,779,840 bytes in 99,880 blocks are still reachable in loss record 6 of 6
==43351==    at 0x4848899: malloc (in /usr/libexec/valgrind/vgpreload_memcheck-amd64-linux.so)
==43351==    by 0x10A2B7: addStudent (in /home/yoav/checkpoint-yoavuzan/CheckpointProject/my_program)
==43351==    by 0x109554: main (in /home/yoav/checkpoint-yoavuzan/CheckpointProject/my_program)
==43351==    by 0x4894D8F: __libc_start_call_main (libc_start_call_main.h:58)
==43351==    by 0x4894E3F: __libc_start_main@@GLIBC_2.34 (libc-start.c:392)
==43351==    by 0x109244: _start (in /home/yoav/checkpoint-yoavuzan/CheckpointProject/my_program)
==43351==    by 0x1FFF000057: ???
==43351==    by 0x1B: ???
==43351== 
==43351== LEAK SUMMARY:
==43351==    definitely lost: 0 bytes in 0 blocks
==43351==    indirectly lost: 0 bytes in 0 blocks
==43351==      possibly lost: 0 bytes in 0 blocks
==43351==    still reachable: 16,806,616 bytes in 100,004 blocks
==43351==         suppressed: 0 bytes in 0 blocks
==43351== 
==43351== For lists of detected and suppressed errors, rerun with: -s
==43351== ERROR SUMMARY: 0 errors from 0 contexts (suppressed: 0 from 0)
